Log file open, 11/12/20 23:08:27
LogInit: Display: Running engine for game: Project
LogPlatformFile: Not using cached read wrapper
LogTaskGraph: Started task graph with 5 named threads and 14 total threads with 3 sets of task threads.
LogStats: Stats thread started at 0.065877
LogICUInternationalization: ICU TimeZone Detection - Raw Offset: -5:00, Platform Override: ''
LogPluginManager: Mounting plugin AISupport
LogPluginManager: Mounting plugin LightPropagationVolume
LogPluginManager: Mounting plugin FacialAnimation
LogPluginManager: Mounting plugin PluginBrowser
LogPluginManager: Mounting plugin MaterialAnalyzer
LogPluginManager: Mounting plugin MacGraphicsSwitching
LogPluginManager: Mounting plugin GameplayTagsEditor
LogPluginManager: Mounting plugin EditorScriptingUtilities
LogPluginManager: Mounting plugin GeometryMode
LogPluginManager: Mounting plugin CryptoKeys
LogPluginManager: Mounting plugin DataValidation
LogPluginManager: Mounting plugin AssetManagerEditor
LogPluginManager: Mounting plugin MobileLauncherProfileWizard
LogPluginManager: Mounting plugin SpeedTreeImporter
LogPluginManager: Mounting plugin CurveEditorTools
LogPluginManager: Mounting plugin TcpMessaging
LogPluginManager: Mounting plugin UdpMessaging
LogPluginManager: Mounting plugin ScreenshotTools
LogPluginManager: Mounting plugin Niagara
LogPluginManager: Mounting plugin Paper2D
LogPluginManager: Mounting plugin LauncherChunkInstaller
LogPluginManager: Mounting plugin OnlineSubsystemNull
LogPluginManager: Mounting plugin OnlineSubsystemIOS
LogPluginManager: Mounting plugin OnlineSubsystemUtils
LogPluginManager: Mounting plugin OnlineSubsystemGooglePlay
LogPluginManager: Mounting plugin OnlineSubsystem
LogPluginManager: Mounting plugin MagicLeapLightEstimation
LogPluginManager: Mounting plugin MagicLeapMedia
LogPluginManager: Mounting plugin MLSDK
LogPluginManager: Mounting plugin MagicLeapPassableWorld
LogPluginManager: Mounting plugin MagicLeap
LogPluginManager: Mounting plugin CameraShakePreviewer
LogPluginManager: Mounting plugin NUTUnrealEngine4
LogPluginManager: Mounting plugin NetcodeUnitTest
LogPluginManager: Mounting plugin PerforceSourceControl
LogPluginManager: Mounting plugin KDevelopSourceCodeAccess
LogPluginManager: Mounting plugin NullSourceCodeAccess
LogPluginManager: Mounting plugin VisualStudioSourceCodeAccess
LogPluginManager: Mounting plugin PlasticSourceControl
LogPluginManager: Mounting plugin CodeLiteSourceCodeAccess
LogPluginManager: Mounting plugin XCodeSourceCodeAccess
LogPluginManager: Mounting plugin GitSourceControl
LogPluginManager: Mounting plugin AnimationSharing
LogPluginManager: Mounting plugin ActorLayerUtilities
LogPluginManager: Mounting plugin RiderSourceCodeAccess
LogPluginManager: Mounting plugin SubversionSourceControl
LogPluginManager: Mounting plugin UObjectPlugin
LogPluginManager: Mounting plugin CLionSourceCodeAccess
LogPluginManager: Mounting plugin VisualStudioCodeSourceCodeAccess
LogPluginManager: Mounting plugin LevelSequenceEditor
LogPluginManager: Mounting plugin TemplateSequence
LogPluginManager: Mounting plugin MatineeToLevelSequence
LogPluginManager: Mounting plugin ActorSequence
LogPluginManager: Mounting plugin MovieRenderPipeline
LogPluginManager: Mounting plugin DatasmithContent
LogPluginManager: Mounting plugin VariantManagerContent
LogPluginManager: Mounting plugin AudioCapture
LogPluginManager: Mounting plugin GoogleCloudMessaging
LogPluginManager: Mounting plugin LinuxDeviceProfileSelector
LogPluginManager: Mounting plugin EditableMesh
LogPluginManager: Mounting plugin AndroidDeviceProfileSelector
LogPluginManager: Mounting plugin WebMMoviePlayer
LogPluginManager: Mounting plugin Synthesis
LogPluginManager: Mounting plugin PhysXVehicles
LogPluginManager: Mounting plugin IOSDeviceProfileSelector
LogPluginManager: Mounting plugin AppleImageUtils
LogPluginManager: Mounting plugin AssetTags
LogPluginManager: Mounting plugin RuntimePhysXCooking
LogPluginManager: Mounting plugin AndroidMoviePlayer
LogPluginManager: Mounting plugin SoundFields
LogPluginManager: Mounting plugin SignificanceManager
LogPluginManager: Mounting plugin MobilePatchingUtils
LogPluginManager: Mounting plugin LocationServicesBPLibrary
LogPluginManager: Mounting plugin AndroidPermission
LogPluginManager: Mounting plugin PostSplashScreen
LogPluginManager: Mounting plugin CustomMeshComponent
LogPluginManager: Mounting plugin CableComponent
LogPluginManager: Mounting plugin ExampleDeviceProfileSelector
LogPluginManager: Mounting plugin SteamVR
LogPluginManager: Mounting plugin AppleMoviePlayer
LogPluginManager: Mounting plugin WindowsMoviePlayer
LogPluginManager: Mounting plugin GooglePAD
LogPluginManager: Mounting plugin ProceduralMeshComponent
LogPluginManager: Mounting plugin OculusVR
LogPluginManager: Mounting plugin ArchVisCharacter
LogPluginManager: Mounting plugin WmfMedia
LogPluginManager: Mounting plugin ImgMedia
LogPluginManager: Mounting plugin AndroidMedia
LogPluginManager: Mounting plugin WebMMedia
LogPluginManager: Mounting plugin MediaCompositing
LogPluginManager: Mounting plugin AvfMedia
LogPluginManager: Mounting plugin MediaPlayerEditor
LogPluginManager: Mounting plugin CharacterAI
LogPluginManager: Mounting plugin BackChannel
LogPluginManager: Mounting plugin ChaosClothEditor
LogPluginManager: Mounting plugin GeometryCollectionPlugin
LogPluginManager: Mounting plugin ChaosNiagara
LogPluginManager: Mounting plugin GeometryProcessing
LogPluginManager: Mounting plugin AlembicImporter
LogPluginManager: Mounting plugin GeometryCache
LogPluginManager: Mounting plugin ChaosCloth
LogPluginManager: Mounting plugin ChaosEditor
LogPluginManager: Mounting plugin PlanarCut
LogPluginManager: Mounting plugin ChaosSolverPlugin
LogPluginManager: Mounting plugin PlatformCrypto
LogPluginManager: Mounting plugin SkeletalReduction
LogPluginManager: Mounting plugin AutomationUtils
LogPluginManager: Mounting plugin ProxyLODPlugin
LogPluginManager: Mounting plugin MeshPainting
LogInit: Using libcurl 7.65.3-DEV
LogInit:  - built for x86_64-unknown-linux-gnu
LogInit:  - supports SSL with OpenSSL/1.1.1c
LogInit:  - supports HTTP deflate (compression) using libz 1.2.8
LogInit:  - other features:
LogInit:      CURL_VERSION_SSL
LogInit:      CURL_VERSION_LIBZ
LogInit:      CURL_VERSION_IPV6
LogInit:      CURL_VERSION_ASYNCHDNS
LogInit:      CURL_VERSION_LARGEFILE
LogInit:      CURL_VERSION_TLSAUTH_SRP
LogInit:  CurlRequestOptions (configurable via config and command line):
LogInit:  - bVerifyPeer = true  - Libcurl will verify peer certificate
LogInit:  - bUseHttpProxy = false  - Libcurl will NOT use HTTP proxy
LogInit:  - bDontReuseConnections = false  - Libcurl will reuse connections
LogInit:  - MaxHostConnections = 16  - Libcurl will limit the number of connections to a host
LogInit:  - LocalHostAddr = Default
LogInit:  - BufferSize = 65536
LogOnline: OSS: Creating online subsystem instance for: NULL
LogOnline: OSS: TryLoadSubsystemAndSetDefault: Loaded subsystem for module [NULL]
LogInit: Build: ++UE4+Release-4.25-CL-0
LogInit: Engine Version: 4.25.4-0+++UE4+Release-4.25
LogInit: Compatible Engine Version: 4.25.0-0+++UE4+Release-4.25
LogInit: Net CL: 0
LogInit: OS: GenericOSVersionLabel (GenericOSSubVersionLabel), CPU: Intel(R) Core(TM) i7-7700K CPU @ 4.20GHz, GPU: GenericGPUBrand
LogInit: Compiled (64-bit): Nov  2 2020 22:21:33
LogInit: Compiled with Clang: 9.0.1 
LogInit: Build Configuration: Development
LogInit: Branch Name: ++UE4+Release-4.25
LogInit: Command Line: 
LogInit: Base Directory: /home/caden/Applications/UnrealEngine/Engine/Binaries/Linux/
LogInit: Allocator: binned2
LogInit: Installed Engine Build: 0
LogDevObjectVersion: Number of dev versions registered: 26
LogDevObjectVersion:   Dev-Blueprints (B0D832E4-1F89-4F0D-ACCF-7EB736FD4AA2): 10
LogDevObjectVersion:   Dev-Build (E1C64328-A22C-4D53-A36C-8E866417BD8C): 0
LogDevObjectVersion:   Dev-Core (375EC13C-06E4-48FB-B500-84F0262A717E): 4
LogDevObjectVersion:   Dev-Editor (E4B068ED-F494-42E9-A231-DA0B2E46BB41): 38
LogDevObjectVersion:   Dev-Framework (CFFC743F-43B0-4480-9391-14DF171D2073): 37
LogDevObjectVersion:   Dev-Mobile (B02B49B5-BB20-44E9-A304-32B752E40360): 2
LogDevObjectVersion:   Dev-Networking (A4E4105C-59A1-49B5-A7C5-40C4547EDFEE): 0
LogDevObjectVersion:   Dev-Online (39C831C9-5AE6-47DC-9A44-9C173E1C8E7C): 0
LogDevObjectVersion:   Dev-Physics (78F01B33-EBEA-4F98-B9B4-84EACCB95AA2): 4
LogDevObjectVersion:   Dev-Platform (6631380F-2D4D-43E0-8009-CF276956A95A): 0
LogDevObjectVersion:   Dev-Rendering (12F88B9F-8875-4AFC-A67C-D90C383ABD29): 43
LogDevObjectVersion:   Dev-Sequencer (7B5AE74C-D270-4C10-A958-57980B212A5A): 12
LogDevObjectVersion:   Dev-VR (D7296918-1DD6-4BDD-9DE2-64A83CC13884): 3
LogDevObjectVersion:   Dev-LoadTimes (C2A15278-BFE7-4AFE-6C17-90FF531DF755): 1
LogDevObjectVersion:   Private-Geometry (6EACA3D4-40EC-4CC1-B786-8BED09428FC5): 3
LogDevObjectVersion:   Dev-AnimPhys (29E575DD-E0A3-4627-9D10-D276232CDCEA): 17
LogDevObjectVersion:   Dev-Anim (AF43A65D-7FD3-4947-9873-3E8ED9C1BB05): 7
LogDevObjectVersion:   Dev-ReflectionCapture (6B266CEC-1EC7-4B8F-A30B-E4D90942FC07): 1
LogDevObjectVersion:   Dev-Automation (0DF73D61-A23F-47EA-B727-89E90C41499A): 1
LogDevObjectVersion:   FortniteMain (601D1886-AC64-4F84-AA16-D3DE0DEAC7D6): 31
LogDevObjectVersion:   Dev-Enterprise (9DFFBCD6-494F-0158-E221-12823C92A888): 10
LogDevObjectVersion:   Dev-Niagara (F2AED0AC-9AFE-416F-8664-AA7FFA26D6FC): 1
LogDevObjectVersion:   Dev-Destruction (174F1F0B-B4C6-45A5-B13F-2EE8D0FB917D): 10
LogDevObjectVersion:   Dev-Physics-Ext (35F94A83-E258-406C-A318-09F59610247C): 37
LogDevObjectVersion:   Dev-PhysicsMaterial-Chaos (B68FC16E-8B1B-42E2-B453-215C058844FE): 1
LogDevObjectVersion:   Dev-CineCamera (B2E18506-4273-CFC2-A54E-F4BB758BBA07): 1
LogInit: Presizing for max 25165824 objects, including 0 objects not considered by GC, pre-allocating 0 bytes for permanent pool.
LogConfig: Applying CVar settings from Section [/Script/Engine.StreamingSettings] File [/home/caden/Documents/UE4GitTest/Project/Saved/Config/Linux/Engine.ini]
LogConfig: Setting CVar [[s.MinBulkDataSizeForAsyncLoading:131072]]
LogConfig: Setting CVar [[s.AsyncLoadingThreadEnabled:0]]
LogConfig: Setting CVar [[s.EventDrivenLoaderEnabled:1]]
LogConfig: Setting CVar [[s.WarnIfTimeLimitExceeded:0]]
LogConfig: Setting CVar [[s.TimeLimitExceededMultiplier:1.5]]
LogConfig: Setting CVar [[s.TimeLimitExceededMinTime:0.005]]
LogConfig: Setting CVar [[s.UseBackgroundLevelStreaming:1]]
LogConfig: Setting CVar [[s.PriorityAsyncLoadingExtraTime:15.0]]
LogConfig: Setting CVar [[s.LevelStreamingActorsUpdateTimeLimit:5.0]]
LogConfig: Setting CVar [[s.PriorityLevelStreamingActorsUpdateExtraTime:5.0]]
LogConfig: Setting CVar [[s.LevelStreamingComponentsRegistrationGranularity:10]]
LogConfig: Setting CVar [[s.UnregisterComponentsTimeLimit:1.0]]
LogConfig: Setting CVar [[s.LevelStreamingComponentsUnregistrationGranularity:5]]
LogConfig: Setting CVar [[s.FlushStreamingOnExit:1]]
LogInit: Object subsystem initialized
LogConfig: Setting CVar [[con.DebugEarlyDefault:1]]
LogConfig: Setting CVar [[r.setres:1280x720]]
[2020.11.13-04.08.31:302][  0]LogConfig: Setting CVar [[r.VSync:0]]
[2020.11.13-04.08.31:302][  0]LogConfig: Setting CVar [[r.RHICmdBypass:0]]
[2020.11.13-04.08.31:302][  0]LogConfig: Applying CVar settings from Section [/Script/Engine.RendererSettings] File [/home/caden/Documents/UE4GitTest/Project/Saved/Config/Linux/Engine.ini]
[2020.11.13-04.08.31:302][  0]LogConfig: Setting CVar [[r.GPUCrashDebugging:0]]
[2020.11.13-04.08.31:302][  0]LogConfig: Applying CVar settings from Section [/Script/Engine.RendererOverrideSettings] File [/home/caden/Documents/UE4GitTest/Project/Saved/Config/Linux/Engine.ini]
[2020.11.13-04.08.31:302][  0]LogConfig: Applying CVar settings from Section [/Script/Engine.StreamingSettings] File [/home/caden/Documents/UE4GitTest/Project/Saved/Config/Linux/Engine.ini]
[2020.11.13-04.08.31:302][  0]LogConfig: Setting CVar [[s.MinBulkDataSizeForAsyncLoading:131072]]
[2020.11.13-04.08.31:302][  0]LogConfig: Setting CVar [[s.AsyncLoadingThreadEnabled:0]]
[2020.11.13-04.08.31:302][  0]LogConfig: Setting CVar [[s.EventDrivenLoaderEnabled:1]]
[2020.11.13-04.08.31:302][  0]LogConfig: Setting CVar [[s.WarnIfTimeLimitExceeded:0]]
[2020.11.13-04.08.31:302][  0]LogConfig: Setting CVar [[s.TimeLimitExceededMultiplier:1.5]]
[2020.11.13-04.08.31:302][  0]LogConfig: Setting CVar [[s.TimeLimitExceededMinTime:0.005]]
[2020.11.13-04.08.31:302][  0]LogConfig: Setting CVar [[s.UseBackgroundLevelStreaming:1]]
[2020.11.13-04.08.31:302][  0]LogConfig: Setting CVar [[s.PriorityAsyncLoadingExtraTime:15.0]]
[2020.11.13-04.08.31:302][  0]LogConfig: Setting CVar [[s.LevelStreamingActorsUpdateTimeLimit:5.0]]
[2020.11.13-04.08.31:302][  0]LogConfig: Setting CVar [[s.PriorityLevelStreamingActorsUpdateExtraTime:5.0]]
[2020.11.13-04.08.31:302][  0]LogConfig: Setting CVar [[s.LevelStreamingComponentsRegistrationGranularity:10]]
[2020.11.13-04.08.31:302][  0]LogConfig: Setting CVar [[s.UnregisterComponentsTimeLimit:1.0]]
[2020.11.13-04.08.31:302][  0]LogConfig: Setting CVar [[s.LevelStreamingComponentsUnregistrationGranularity:5]]
[2020.11.13-04.08.31:302][  0]LogConfig: Setting CVar [[s.FlushStreamingOnExit:1]]
[2020.11.13-04.08.31:302][  0]LogConfig: Applying CVar settings from Section [/Script/Engine.GarbageCollectionSettings] File [/home/caden/Documents/UE4GitTest/Project/Saved/Config/Linux/Engine.ini]
[2020.11.13-04.08.31:302][  0]LogConfig: Setting CVar [[gc.MaxObjectsNotConsideredByGC:1]]
[2020.11.13-04.08.31:302][  0]LogConfig: Setting CVar [[gc.SizeOfPermanentObjectPool:0]]
[2020.11.13-04.08.31:302][  0]LogConfig: Setting CVar [[gc.FlushStreamingOnGC:0]]
[2020.11.13-04.08.31:302][  0]LogConfig: Setting CVar [[gc.NumRetriesBeforeForcingGC:10]]
[2020.11.13-04.08.31:302][  0]LogConfig: Setting CVar [[gc.AllowParallelGC:1]]
[2020.11.13-04.08.31:302][  0]LogConfig: Setting CVar [[gc.TimeBetweenPurgingPendingKillObjects:61.1]]
[2020.11.13-04.08.31:302][  0]LogConfig: Setting CVar [[gc.MaxObjectsInEditor:25165824]]
[2020.11.13-04.08.31:302][  0]LogConfig: Setting CVar [[gc.IncrementalBeginDestroyEnabled:1]]
[2020.11.13-04.08.31:302][  0]LogConfig: Setting CVar [[gc.CreateGCClusters:1]]
[2020.11.13-04.08.31:302][  0]LogConfig: Setting CVar [[gc.MinGCClusterSize:5]]
[2020.11.13-04.08.31:302][  0]LogConfig: Setting CVar [[gc.ActorClusteringEnabled:0]]
[2020.11.13-04.08.31:302][  0]LogConfig: Setting CVar [[gc.BlueprintClusteringEnabled:0]]
[2020.11.13-04.08.31:302][  0]LogConfig: Setting CVar [[gc.UseDisregardForGCOnDedicatedServers:0]]
[2020.11.13-04.08.31:302][  0]LogConfig: Applying CVar settings from Section [/Script/Engine.NetworkSettings] File [/home/caden/Documents/UE4GitTest/Project/Saved/Config/Linux/Engine.ini]
[2020.11.13-04.08.31:302][  0]LogConfig: Applying CVar settings from Section [/Script/UnrealEd.CookerSettings] File [/home/caden/Documents/UE4GitTest/Project/Saved/Config/Linux/Engine.ini]
[2020.11.13-04.08.31:302][  0]LogInit: Initializing SDL.
[2020.11.13-04.08.33:526][  0]LogInit: Initialized SDL 2.0.10 revision: 12952 (hg-12952:bc90ce38f1e2) (compiled against 2.0.10)
[2020.11.13-04.08.33:526][  0]LogInit: Using SDL video driver 'x11'
[2020.11.13-04.08.33:526][  0]LogInit: Display metrics:
[2020.11.13-04.08.33:526][  0]LogInit:   PrimaryDisplayWidth: 3840
[2020.11.13-04.08.33:526][  0]LogInit:   PrimaryDisplayHeight: 2160
[2020.11.13-04.08.33:526][  0]LogInit:   PrimaryDisplayWorkAreaRect:
[2020.11.13-04.08.33:526][  0]LogInit:     Left=0, Top=0, Right=3840, Bottom=2160
[2020.11.13-04.08.33:526][  0]LogInit:   VirtualDisplayRect:
[2020.11.13-04.08.33:526][  0]LogInit:     Left=0, Top=0, Right=5760, Bottom=2160
[2020.11.13-04.08.33:526][  0]LogInit:   TitleSafePaddingSize: X=0.000 Y=0.000 Z=0.000 W=0.000
[2020.11.13-04.08.33:526][  0]LogInit:   ActionSafePaddingSize: X=0.000 Y=0.000 Z=0.000 W=0.000
[2020.11.13-04.08.33:526][  0]LogInit:   Number of monitors: 2
[2020.11.13-04.08.33:526][  0]LogInit:     Monitor 0
[2020.11.13-04.08.33:526][  0]LogInit:       Name: U28E590 28"
[2020.11.13-04.08.33:526][  0]LogInit:       ID: display0
[2020.11.13-04.08.33:526][  0]LogInit:       NativeWidth: 3840
[2020.11.13-04.08.33:526][  0]LogInit:       NativeHeight: 2160
[2020.11.13-04.08.33:526][  0]LogInit:       bIsPrimary: true
[2020.11.13-04.08.33:526][  0]LogInit:     Monitor 1
[2020.11.13-04.08.33:526][  0]LogInit:       Name: VE247 24"
[2020.11.13-04.08.33:526][  0]LogInit:       ID: display1
[2020.11.13-04.08.33:526][  0]LogInit:       NativeWidth: 1920
[2020.11.13-04.08.33:526][  0]LogInit:       NativeHeight: 1080
[2020.11.13-04.08.33:526][  0]LogInit:       bIsPrimary: false
[2020.11.13-04.08.33:527][  0]LogConfig: Applying CVar settings from Section [ViewDistanceQuality@3] File [/home/caden/Documents/UE4GitTest/Project/Saved/Config/Linux/Scalability.ini]
[2020.11.13-04.08.33:527][  0]LogConfig: Setting CVar [[r.SkeletalMeshLODBias:0]]
[2020.11.13-04.08.33:527][  0]LogConfig: Setting CVar [[r.ViewDistanceScale:1.0]]
[2020.11.13-04.08.33:527][  0]LogConfig: Applying CVar settings from Section [AntiAliasingQuality@3] File [/home/caden/Documents/UE4GitTest/Project/Saved/Config/Linux/Scalability.ini]
[2020.11.13-04.08.33:527][  0]LogConfig: Setting CVar [[r.PostProcessAAQuality:4]]
[2020.11.13-04.08.33:527][  0]LogConfig: Applying CVar settings from Section [ShadowQuality@3] File [/home/caden/Documents/UE4GitTest/Project/Saved/Config/Linux/Scalability.ini]
[2020.11.13-04.08.33:527][  0]LogConfig: Setting CVar [[r.LightFunctionQuality:1]]
[2020.11.13-04.08.33:527][  0]LogConfig: Setting CVar [[r.ShadowQuality:5]]
[2020.11.13-04.08.33:527][  0]LogConfig: Setting CVar [[r.Shadow.CSM.MaxCascades:10]]
[2020.11.13-04.08.33:527][  0]LogConfig: Setting CVar [[r.Shadow.MaxResolution:2048]]
[2020.11.13-04.08.33:527][  0]LogConfig: Setting CVar [[r.Shadow.MaxCSMResolution:2048]]
[2020.11.13-04.08.33:527][  0]LogConfig: Setting CVar [[r.Shadow.RadiusThreshold:0.01]]
[2020.11.13-04.08.33:527][  0]LogConfig: Setting CVar [[r.Shadow.DistanceScale:1.0]]
[2020.11.13-04.08.33:527][  0]LogConfig: Setting CVar [[r.Shadow.CSM.TransitionScale:1.0]]
[2020.11.13-04.08.33:527][  0]LogConfig: Setting CVar [[r.Shadow.PreShadowResolutionFactor:1.0]]
[2020.11.13-04.08.33:527][  0]LogConfig: Setting CVar [[r.DistanceFieldShadowing:1]]
[2020.11.13-04.08.33:527][  0]LogConfig: Setting CVar [[r.DistanceFieldAO:1]]
[2020.11.13-04.08.33:527][  0]LogConfig: Setting CVar [[r.AOQuality:2]]
[2020.11.13-04.08.33:527][  0]LogConfig: Setting CVar [[r.VolumetricFog:1]]
[2020.11.13-04.08.33:527][  0]LogConfig: Setting CVar [[r.VolumetricFog.GridPixelSize:8]]
[2020.11.13-04.08.33:527][  0]LogConfig: Setting CVar [[r.VolumetricFog.GridSizeZ:128]]
[2020.11.13-04.08.33:527][  0]LogConfig: Setting CVar [[r.VolumetricFog.HistoryMissSupersampleCount:4]]
[2020.11.13-04.08.33:527][  0]LogConfig: Setting CVar [[r.LightMaxDrawDistanceScale:1]]
[2020.11.13-04.08.33:527][  0]LogConfig: Setting CVar [[r.CapsuleShadows:1]]
[2020.11.13-04.08.33:527][  0]LogConfig: Applying CVar settings from Section [PostProcessQuality@3] File [/home/caden/Documents/UE4GitTest/Project/Saved/Config/Linux/Scalability.ini]
[2020.11.13-04.08.33:527][  0]LogConfig: Setting CVar [[r.MotionBlurQuality:4]]
[2020.11.13-04.08.33:527][  0]LogConfig: Setting CVar [[r.AmbientOcclusionMipLevelFactor:0.4]]
[2020.11.13-04.08.33:527][  0]LogConfig: Setting CVar [[r.AmbientOcclusionMaxQuality:100]]
[2020.11.13-04.08.33:527][  0]LogConfig: Setting CVar [[r.AmbientOcclusionLevels:-1]]
[2020.11.13-04.08.33:527][  0]LogConfig: Setting CVar [[r.AmbientOcclusionRadiusScale:1.0]]
[2020.11.13-04.08.33:527][  0]LogConfig: Setting CVar [[r.DepthOfFieldQuality:2]]
[2020.11.13-04.08.33:527][  0]LogConfig: Setting CVar [[r.RenderTargetPoolMin:400]]
[2020.11.13-04.08.33:527][  0]LogConfig: Setting CVar [[r.LensFlareQuality:2]]
[2020.11.13-04.08.33:527][  0]LogConfig: Setting CVar [[r.SceneColorFringeQuality:1]]
[2020.11.13-04.08.33:527][  0]LogConfig: Setting CVar [[r.EyeAdaptationQuality:2]]
[2020.11.13-04.08.33:527][  0]LogConfig: Setting CVar [[r.BloomQuality:5]]
[2020.11.13-04.08.33:527][  0]LogConfig: Setting CVar [[r.FastBlurThreshold:100]]
[2020.11.13-04.08.33:527][  0]LogConfig: Setting CVar [[r.Upscale.Quality:3]]
[2020.11.13-04.08.33:527][  0]LogConfig: Setting CVar [[r.Tonemapper.GrainQuantization:1]]
[2020.11.13-04.08.33:527][  0]LogConfig: Setting CVar [[r.LightShaftQuality:1]]
[2020.11.13-04.08.33:527][  0]LogConfig: Setting CVar [[r.Filter.SizeScale:1]]
[2020.11.13-04.08.33:527][  0]LogConfig: Setting CVar [[r.Tonemapper.Quality:5]]
[2020.11.13-04.08.33:527][  0]LogConfig: Setting CVar [[r.DOF.Gather.AccumulatorQuality:1        ; higher gathering accumulator quality]]
[2020.11.13-04.08.33:527][  0]LogConfig: Setting CVar [[r.DOF.Gather.PostfilterMethod:1          ; Median3x3 postfilering method]]
[2020.11.13-04.08.33:527][  0]LogConfig: Setting CVar [[r.DOF.Gather.EnableBokehSettings:0       ; no bokeh simulation when gathering]]
[2020.11.13-04.08.33:527][  0]LogConfig: Setting CVar [[r.DOF.Gather.RingCount:4                 ; medium number of samples when gathering]]
[2020.11.13-04.08.33:527][  0]LogConfig: Setting CVar [[r.DOF.Scatter.ForegroundCompositing:1    ; additive foreground scattering]]
[2020.11.13-04.08.33:527][  0]LogConfig: Setting CVar [[r.DOF.Scatter.BackgroundCompositing:2    ; additive background scattering]]
[2020.11.13-04.08.33:527][  0]LogConfig: Setting CVar [[r.DOF.Scatter.EnableBokehSettings:1      ; bokeh simulation when scattering]]
[2020.11.13-04.08.33:527][  0]LogConfig: Setting CVar [[r.DOF.Scatter.MaxSpriteRatio:0.1         ; only a maximum of 10% of scattered bokeh]]
[2020.11.13-04.08.33:527][  0]LogConfig: Setting CVar [[r.DOF.Recombine.Quality:1                ; cheap slight out of focus]]
[2020.11.13-04.08.33:527][  0]LogConfig: Setting CVar [[r.DOF.Recombine.EnableBokehSettings:0    ; no bokeh simulation on slight out of focus]]
[2020.11.13-04.08.33:527][  0]LogConfig: Setting CVar [[r.DOF.TemporalAAQuality:1                ; more stable temporal accumulation]]
[2020.11.13-04.08.33:527][  0]LogConfig: Setting CVar [[r.DOF.Kernel.MaxForegroundRadius:0.025]]
[2020.11.13-04.08.33:527][  0]LogConfig: Setting CVar [[r.DOF.Kernel.MaxBackgroundRadius:0.025]]
[2020.11.13-04.08.33:527][  0]LogConfig: Applying CVar settings from Section [TextureQuality@3] File [/home/caden/Documents/UE4GitTest/Project/Saved/Config/Linux/Scalability.ini]
[2020.11.13-04.08.33:527][  0]LogConfig: Setting CVar [[r.Streaming.MipBias:0]]
[2020.11.13-04.08.33:527][  0]LogConfig: Setting CVar [[r.Streaming.AmortizeCPUToGPUCopy:0]]
[2020.11.13-04.08.33:527][  0]LogConfig: Setting CVar [[r.Streaming.MaxNumTexturesToStreamPerFrame:0]]
[2020.11.13-04.08.33:527][  0]LogConfig: Setting CVar [[r.Streaming.Boost:1]]
[2020.11.13-04.08.33:527][  0]LogConfig: Setting CVar [[r.MaxAnisotropy:8]]
[2020.11.13-04.08.33:527][  0]LogConfig: Setting CVar [[r.VT.MaxAnisotropy:8]]
[2020.11.13-04.08.33:527][  0]LogConfig: Setting CVar [[r.Streaming.LimitPoolSizeToVRAM:0]]
[2020.11.13-04.08.33:527][  0]LogConfig: Setting CVar [[r.Streaming.PoolSize:1000]]
[2020.11.13-04.08.33:527][  0]LogConfig: Setting CVar [[r.Streaming.MaxEffectiveScreenSize:0]]
[2020.11.13-04.08.33:527][  0]LogConfig: Applying CVar settings from Section [EffectsQuality@3] File [/home/caden/Documents/UE4GitTest/Project/Saved/Config/Linux/Scalability.ini]
[2020.11.13-04.08.33:527][  0]LogConfig: Setting CVar [[r.TranslucencyLightingVolumeDim:64]]
[2020.11.13-04.08.33:527][  0]LogConfig: Setting CVar [[r.RefractionQuality:2]]
[2020.11.13-04.08.33:527][  0]LogConfig: Setting CVar [[r.SSR.Quality:3]]
[2020.11.13-04.08.33:527][  0]LogConfig: Setting CVar [[r.SSR.HalfResSceneColor:0]]
[2020.11.13-04.08.33:527][  0]LogConfig: Setting CVar [[r.SceneColorFormat:4]]
[2020.11.13-04.08.33:527][  0]LogConfig: Setting CVar [[r.DetailMode:2]]
[2020.11.13-04.08.33:527][  0]LogConfig: Setting CVar [[r.TranslucencyVolumeBlur:1]]
[2020.11.13-04.08.33:527][  0]LogConfig: Setting CVar [[r.MaterialQualityLevel:1 ; High quality]]
[2020.11.13-04.08.33:527][  0]LogConfig: Setting CVar [[r.SSS.Scale:1]]
[2020.11.13-04.08.33:527][  0]LogConfig: Setting CVar [[r.SSS.SampleSet:2]]
[2020.11.13-04.08.33:527][  0]LogConfig: Setting CVar [[r.SSS.Quality:1]]
[2020.11.13-04.08.33:527][  0]LogConfig: Setting CVar [[r.SSS.HalfRes:0]]
[2020.11.13-04.08.33:527][  0]LogConfig: Setting CVar [[r.SSGI.Quality:3]]
[2020.11.13-04.08.33:527][  0]LogConfig: Setting CVar [[r.EmitterSpawnRateScale:1.0]]
[2020.11.13-04.08.33:527][  0]LogConfig: Setting CVar [[r.ParticleLightQuality:2]]
[2020.11.13-04.08.33:527][  0]LogConfig: Setting CVar [[r.SkyAtmosphere.AerialPerspectiveLUT.FastApplyOnOpaque:1 ; Always have FastSkyLUT 1 in this case to avoid wrong sky]]
[2020.11.13-04.08.33:527][  0]LogConfig: Setting CVar [[r.SkyAtmosphere.AerialPerspectiveLUT.SampleCountPerSlice:1]]
[2020.11.13-04.08.33:527][  0]LogConfig: Setting CVar [[r.SkyAtmosphere.AerialPerspectiveLUT.DepthResolution:16.0]]
[2020.11.13-04.08.33:527][  0]LogConfig: Setting CVar [[r.SkyAtmosphere.FastSkyLUT:1]]
[2020.11.13-04.08.33:527][  0]LogConfig: Setting CVar [[r.SkyAtmosphere.FastSkyLUT.SampleCountMin:4.0]]
[2020.11.13-04.08.33:527][  0]LogConfig: Setting CVar [[r.SkyAtmosphere.FastSkyLUT.SampleCountMax:32.0]]
[2020.11.13-04.08.33:527][  0]LogConfig: Setting CVar [[r.SkyAtmosphere.SampleCountMin:4.0]]
[2020.11.13-04.08.33:527][  0]LogConfig: Setting CVar [[r.SkyAtmosphere.SampleCountMax:32.0]]
[2020.11.13-04.08.33:527][  0]LogConfig: Setting CVar [[r.SkyAtmosphere.TransmittanceLUT.UseSmallFormat:0]]
[2020.11.13-04.08.33:527][  0]LogConfig: Setting CVar [[r.SkyAtmosphere.TransmittanceLUT.SampleCount:10.0]]
[2020.11.13-04.08.33:527][  0]LogConfig: Setting CVar [[r.SkyAtmosphere.MultiScatteringLUT.SampleCount:15.0]]
[2020.11.13-04.08.33:527][  0]LogConfig: Applying CVar settings from Section [FoliageQuality@3] File [/home/caden/Documents/UE4GitTest/Project/Saved/Config/Linux/Scalability.ini]
[2020.11.13-04.08.33:527][  0]LogConfig: Setting CVar [[foliage.DensityScale:1.0]]
[2020.11.13-04.08.33:527][  0]LogConfig: Setting CVar [[grass.DensityScale:1.0]]
[2020.11.13-04.08.33:527][  0]LogConfig: Applying CVar settings from Section [ShadingQuality@3] File [/home/caden/Documents/UE4GitTest/Project/Saved/Config/Linux/Scalability.ini]
[2020.11.13-04.08.33:527][  0]LogConfig: Setting CVar [[r.HairStrands.SkyLighting.SampleCount:16]]
[2020.11.13-04.08.33:527][  0]LogConfig: Setting CVar [[r.HairStrands.SkyLighting.JitterIntegration:0]]
[2020.11.13-04.08.33:527][  0]LogConfig: Setting CVar [[r.HairStrands.SkyAO.SampleCount:16]]
[2020.11.13-04.08.33:527][  0]LogConfig: Setting CVar [[r.HairStrands.DeepShadow.SuperSampling:0]]
[2020.11.13-04.08.33:527][  0]LogConfig: Setting CVar [[r.HairStrands.VisibilityPPLL:0]]
[2020.11.13-04.08.33:527][  0]LogConfig: Setting CVar [[r.HairStrands.RasterizationScale:0.5]]
[2020.11.13-04.08.33:527][  0]LogConfig: Setting CVar [[r.HairStrands.VelocityRasterizationScale:1]]
[2020.11.13-04.08.33:527][  0]LogLinux: Selected Device Profile: [Linux]
[2020.11.13-04.08.33:527][  0]LogInit: Applying CVar settings loaded from the selected device profile: [Linux]
[2020.11.13-04.08.33:527][  0]LogHAL: Display: Platform has ~ 4 GB [16749731840 / 4294967296 / 16], which maps to Smallest [LargestMinGB=32, LargerMinGB=12, DefaultMinGB=8, SmallerMinGB=6, SmallestMinGB=0)
[2020.11.13-04.08.33:527][  0]LogInit: Going up to parent DeviceProfile []
[2020.11.13-04.08.33:527][  0]LogConfig: Applying CVar settings from Section [ViewDistanceQuality@3] File [/home/caden/Documents/UE4GitTest/Project/Saved/Config/Linux/Scalability.ini]
[2020.11.13-04.08.33:527][  0]LogConfig: Setting CVar [[r.SkeletalMeshLODBias:0]]
[2020.11.13-04.08.33:527][  0]LogConfig: Setting CVar [[r.ViewDistanceScale:1.0]]
[2020.11.13-04.08.33:527][  0]LogConfig: Applying CVar settings from Section [AntiAliasingQuality@3] File [/home/caden/Documents/UE4GitTest/Project/Saved/Config/Linux/Scalability.ini]
[2020.11.13-04.08.33:527][  0]LogConfig: Setting CVar [[r.PostProcessAAQuality:4]]
[2020.11.13-04.08.33:527][  0]LogConfig: Applying CVar settings from Section [ShadowQuality@3] File [/home/caden/Documents/UE4GitTest/Project/Saved/Config/Linux/Scalability.ini]
[2020.11.13-04.08.33:527][  0]LogConfig: Setting CVar [[r.LightFunctionQuality:1]]
[2020.11.13-04.08.33:527][  0]LogConfig: Setting CVar [[r.ShadowQuality:5]]
[2020.11.13-04.08.33:527][  0]LogConfig: Setting CVar [[r.Shadow.CSM.MaxCascades:10]]
[2020.11.13-04.08.33:528][  0]LogConfig: Setting CVar [[r.Shadow.MaxResolution:2048]]
[2020.11.13-04.08.33:528][  0]LogConfig: Setting CVar [[r.Shadow.MaxCSMResolution:2048]]
[2020.11.13-04.08.33:528][  0]LogConfig: Setting CVar [[r.Shadow.RadiusThreshold:0.01]]
[2020.11.13-04.08.33:528][  0]LogConfig: Setting CVar [[r.Shadow.DistanceScale:1.0]]
[2020.11.13-04.08.33:528][  0]LogConfig: Setting CVar [[r.Shadow.CSM.TransitionScale:1.0]]
[2020.11.13-04.08.33:528][  0]LogConfig: Setting CVar [[r.Shadow.PreShadowResolutionFactor:1.0]]
[2020.11.13-04.08.33:528][  0]LogConfig: Setting CVar [[r.DistanceFieldShadowing:1]]
[2020.11.13-04.08.33:528][  0]LogConfig: Setting CVar [[r.DistanceFieldAO:1]]
[2020.11.13-04.08.33:528][  0]LogConfig: Setting CVar [[r.AOQuality:2]]
[2020.11.13-04.08.33:528][  0]LogConfig: Setting CVar [[r.VolumetricFog:1]]
[2020.11.13-04.08.33:528][  0]LogConfig: Setting CVar [[r.VolumetricFog.GridPixelSize:8]]
[2020.11.13-04.08.33:528][  0]LogConfig: Setting CVar [[r.VolumetricFog.GridSizeZ:128]]
[2020.11.13-04.08.33:528][  0]LogConfig: Setting CVar [[r.VolumetricFog.HistoryMissSupersampleCount:4]]
[2020.11.13-04.08.33:528][  0]LogConfig: Setting CVar [[r.LightMaxDrawDistanceScale:1]]
[2020.11.13-04.08.33:528][  0]LogConfig: Setting CVar [[r.CapsuleShadows:1]]
[2020.11.13-04.08.33:528][  0]LogConfig: Applying CVar settings from Section [PostProcessQuality@3] File [/home/caden/Documents/UE4GitTest/Project/Saved/Config/Linux/Scalability.ini]
[2020.11.13-04.08.33:528][  0]LogConfig: Setting CVar [[r.MotionBlurQuality:4]]
[2020.11.13-04.08.33:528][  0]LogConfig: Setting CVar [[r.AmbientOcclusionMipLevelFactor:0.4]]
[2020.11.13-04.08.33:528][  0]LogConfig: Setting CVar [[r.AmbientOcclusionMaxQuality:100]]
[2020.11.13-04.08.33:528][  0]LogConfig: Setting CVar [[r.AmbientOcclusionLevels:-1]]
[2020.11.13-04.08.33:528][  0]LogConfig: Setting CVar [[r.AmbientOcclusionRadiusScale:1.0]]
[2020.11.13-04.08.33:528][  0]LogConfig: Setting CVar [[r.DepthOfFieldQuality:2]]
[2020.11.13-04.08.33:528][  0]LogConfig: Setting CVar [[r.RenderTargetPoolMin:400]]
[2020.11.13-04.08.33:528][  0]LogConfig: Setting CVar [[r.LensFlareQuality:2]]
[2020.11.13-04.08.33:528][  0]LogConfig: Setting CVar [[r.SceneColorFringeQuality:1]]
[2020.11.13-04.08.33:528][  0]LogConfig: Setting CVar [[r.EyeAdaptationQuality:2]]
[2020.11.13-04.08.33:528][  0]LogConfig: Setting CVar [[r.BloomQuality:5]]
[2020.11.13-04.08.33:528][  0]LogConfig: Setting CVar [[r.FastBlurThreshold:100]]
[2020.11.13-04.08.33:528][  0]LogConfig: Setting CVar [[r.Upscale.Quality:3]]
[2020.11.13-04.08.33:528][  0]LogConfig: Setting CVar [[r.Tonemapper.GrainQuantization:1]]
[2020.11.13-04.08.33:528][  0]LogConfig: Setting CVar [[r.LightShaftQuality:1]]
[2020.11.13-04.08.33:528][  0]LogConfig: Setting CVar [[r.Filter.SizeScale:1]]
[2020.11.13-04.08.33:528][  0]LogConfig: Setting CVar [[r.Tonemapper.Quality:5]]
[2020.11.13-04.08.33:528][  0]LogConfig: Setting CVar [[r.DOF.Gather.AccumulatorQuality:1        ; higher gathering accumulator quality]]
[2020.11.13-04.08.33:528][  0]LogConfig: Setting CVar [[r.DOF.Gather.PostfilterMethod:1          ; Median3x3 postfilering method]]
[2020.11.13-04.08.33:528][  0]LogConfig: Setting CVar [[r.DOF.Gather.EnableBokehSettings:0       ; no bokeh simulation when gathering]]
[2020.11.13-04.08.33:528][  0]LogConfig: Setting CVar [[r.DOF.Gather.RingCount:4                 ; medium number of samples when gathering]]
[2020.11.13-04.08.33:528][  0]LogConfig: Setting CVar [[r.DOF.Scatter.ForegroundCompositing:1    ; additive foreground scattering]]
[2020.11.13-04.08.33:528][  0]LogConfig: Setting CVar [[r.DOF.Scatter.BackgroundCompositing:2    ; additive background scattering]]
[2020.11.13-04.08.33:528][  0]LogConfig: Setting CVar [[r.DOF.Scatter.EnableBokehSettings:1      ; bokeh simulation when scattering]]
[2020.11.13-04.08.33:528][  0]LogConfig: Setting CVar [[r.DOF.Scatter.MaxSpriteRatio:0.1         ; only a maximum of 10% of scattered bokeh]]
[2020.11.13-04.08.33:528][  0]LogConfig: Setting CVar [[r.DOF.Recombine.Quality:1                ; cheap slight out of focus]]
[2020.11.13-04.08.33:528][  0]LogConfig: Setting CVar [[r.DOF.Recombine.EnableBokehSettings:0    ; no bokeh simulation on slight out of focus]]
[2020.11.13-04.08.33:528][  0]LogConfig: Setting CVar [[r.DOF.TemporalAAQuality:1                ; more stable temporal accumulation]]
[2020.11.13-04.08.33:528][  0]LogConfig: Setting CVar [[r.DOF.Kernel.MaxForegroundRadius:0.025]]
[2020.11.13-04.08.33:528][  0]LogConfig: Setting CVar [[r.DOF.Kernel.MaxBackgroundRadius:0.025]]
[2020.11.13-04.08.33:528][  0]LogConfig: Applying CVar settings from Section [TextureQuality@3] File [/home/caden/Documents/UE4GitTest/Project/Saved/Config/Linux/Scalability.ini]
[2020.11.13-04.08.33:528][  0]LogConfig: Setting CVar [[r.Streaming.MipBias:0]]
[2020.11.13-04.08.33:528][  0]LogConfig: Setting CVar [[r.Streaming.AmortizeCPUToGPUCopy:0]]
[2020.11.13-04.08.33:528][  0]LogConfig: Setting CVar [[r.Streaming.MaxNumTexturesToStreamPerFrame:0]]
[2020.11.13-04.08.33:528][  0]LogConfig: Setting CVar [[r.Streaming.Boost:1]]
[2020.11.13-04.08.33:528][  0]LogConfig: Setting CVar [[r.MaxAnisotropy:8]]
[2020.11.13-04.08.33:528][  0]LogConfig: Setting CVar [[r.VT.MaxAnisotropy:8]]
[2020.11.13-04.08.33:528][  0]LogConfig: Setting CVar [[r.Streaming.LimitPoolSizeToVRAM:0]]
[2020.11.13-04.08.33:528][  0]LogConfig: Setting CVar [[r.Streaming.PoolSize:1000]]
[2020.11.13-04.08.33:528][  0]LogConfig: Setting CVar [[r.Streaming.MaxEffectiveScreenSize:0]]
[2020.11.13-04.08.33:528][  0]LogConfig: Applying CVar settings from Section [EffectsQuality@3] File [/home/caden/Documents/UE4GitTest/Project/Saved/Config/Linux/Scalability.ini]
[2020.11.13-04.08.33:528][  0]LogConfig: Setting CVar [[r.TranslucencyLightingVolumeDim:64]]
[2020.11.13-04.08.33:528][  0]LogConfig: Setting CVar [[r.RefractionQuality:2]]
[2020.11.13-04.08.33:528][  0]LogConfig: Setting CVar [[r.SSR.Quality:3]]
[2020.11.13-04.08.33:528][  0]LogConfig: Setting CVar [[r.SSR.HalfResSceneColor:0]]
[2020.11.13-04.08.33:528][  0]LogConfig: Setting CVar [[r.SceneColorFormat:4]]
[2020.11.13-04.08.33:528][  0]LogConfig: Setting CVar [[r.DetailMode:2]]
[2020.11.13-04.08.33:528][  0]LogConfig: Setting CVar [[r.TranslucencyVolumeBlur:1]]
[2020.11.13-04.08.33:528][  0]LogConfig: Setting CVar [[r.MaterialQualityLevel:1 ; High quality]]
[2020.11.13-04.08.33:528][  0]LogConfig: Setting CVar [[r.SSS.Scale:1]]
[2020.11.13-04.08.33:528][  0]LogConfig: Setting CVar [[r.SSS.SampleSet:2]]
[2020.11.13-04.08.33:528][  0]LogConfig: Setting CVar [[r.SSS.Quality:1]]
[2020.11.13-04.08.33:528][  0]LogConfig: Setting CVar [[r.SSS.HalfRes:0]]
[2020.11.13-04.08.33:528][  0]LogConfig: Setting CVar [[r.SSGI.Quality:3]]
[2020.11.13-04.08.33:528][  0]LogConfig: Setting CVar [[r.EmitterSpawnRateScale:1.0]]
[2020.11.13-04.08.33:528][  0]LogConfig: Setting CVar [[r.ParticleLightQuality:2]]
[2020.11.13-04.08.33:528][  0]LogConfig: Setting CVar [[r.SkyAtmosphere.AerialPerspectiveLUT.FastApplyOnOpaque:1 ; Always have FastSkyLUT 1 in this case to avoid wrong sky]]
[2020.11.13-04.08.33:528][  0]LogConfig: Setting CVar [[r.SkyAtmosphere.AerialPerspectiveLUT.SampleCountPerSlice:1]]
[2020.11.13-04.08.33:528][  0]LogConfig: Setting CVar [[r.SkyAtmosphere.AerialPerspectiveLUT.DepthResolution:16.0]]
[2020.11.13-04.08.33:528][  0]LogConfig: Setting CVar [[r.SkyAtmosphere.FastSkyLUT:1]]
[2020.11.13-04.08.33:528][  0]LogConfig: Setting CVar [[r.SkyAtmosphere.FastSkyLUT.SampleCountMin:4.0]]
[2020.11.13-04.08.33:528][  0]LogConfig: Setting CVar [[r.SkyAtmosphere.FastSkyLUT.SampleCountMax:32.0]]
[2020.11.13-04.08.33:528][  0]LogConfig: Setting CVar [[r.SkyAtmosphere.SampleCountMin:4.0]]
[2020.11.13-04.08.33:528][  0]LogConfig: Setting CVar [[r.SkyAtmosphere.SampleCountMax:32.0]]
[2020.11.13-04.08.33:528][  0]LogConfig: Setting CVar [[r.SkyAtmosphere.TransmittanceLUT.UseSmallFormat:0]]
[2020.11.13-04.08.33:528][  0]LogConfig: Setting CVar [[r.SkyAtmosphere.TransmittanceLUT.SampleCount:10.0]]
[2020.11.13-04.08.33:528][  0]LogConfig: Setting CVar [[r.SkyAtmosphere.MultiScatteringLUT.SampleCount:15.0]]
[2020.11.13-04.08.33:528][  0]LogConfig: Applying CVar settings from Section [FoliageQuality@3] File [/home/caden/Documents/UE4GitTest/Project/Saved/Config/Linux/Scalability.ini]
[2020.11.13-04.08.33:528][  0]LogConfig: Setting CVar [[foliage.DensityScale:1.0]]
[2020.11.13-04.08.33:528][  0]LogConfig: Setting CVar [[grass.DensityScale:1.0]]
[2020.11.13-04.08.33:528][  0]LogConfig: Applying CVar settings from Section [ShadingQuality@3] File [/home/caden/Documents/UE4GitTest/Project/Saved/Config/Linux/Scalability.ini]
[2020.11.13-04.08.33:528][  0]LogConfig: Setting CVar [[r.HairStrands.SkyLighting.SampleCount:16]]
[2020.11.13-04.08.33:528][  0]LogConfig: Setting CVar [[r.HairStrands.SkyLighting.JitterIntegration:0]]
[2020.11.13-04.08.33:528][  0]LogConfig: Setting CVar [[r.HairStrands.SkyAO.SampleCount:16]]
[2020.11.13-04.08.33:528][  0]LogConfig: Setting CVar [[r.HairStrands.DeepShadow.SuperSampling:0]]
[2020.11.13-04.08.33:528][  0]LogConfig: Setting CVar [[r.HairStrands.VisibilityPPLL:0]]
[2020.11.13-04.08.33:528][  0]LogConfig: Setting CVar [[r.HairStrands.RasterizationScale:0.5]]
[2020.11.13-04.08.33:528][  0]LogConfig: Setting CVar [[r.HairStrands.VelocityRasterizationScale:1]]
[2020.11.13-04.08.33:528][  0]LogConfig: Applying CVar settings from Section [Startup] File [../../../Engine/Config/ConsoleVariables.ini]
[2020.11.13-04.08.33:528][  0]LogConfig: Setting CVar [[net.UseAdaptiveNetUpdateFrequency:0]]
[2020.11.13-04.08.33:528][  0]LogConfig: Setting CVar [[p.chaos.AllowCreatePhysxBodies:1]]
[2020.11.13-04.08.33:528][  0]LogConfig: Setting CVar [[fx.SkipVectorVMBackendOptimizations:1]]
[2020.11.13-04.08.33:528][  0]LogConfig: Applying CVar settings from Section [ConsoleVariables] File [/home/caden/Documents/UE4GitTest/Project/Saved/Config/Linux/Engine.ini]
[2020.11.13-04.08.33:528][  0]LogConfig: Setting CVar [[g.TimeoutForBlockOnRenderFence:60000]]
[2020.11.13-04.08.33:528][  0]LogInit: Unix hardware info:
[2020.11.13-04.08.33:528][  0]LogInit:  - we are the first instance of this executable
[2020.11.13-04.08.33:528][  0]LogInit:  - this process' id (pid) is 16931, parent process' id (ppid) is 1
[2020.11.13-04.08.33:528][  0]LogInit:  - we are not running under debugger
[2020.11.13-04.08.33:528][  0]LogInit:  - machine network name is 'article'
[2020.11.13-04.08.33:528][  0]LogInit:  - user name is 'caden' (caden)
[2020.11.13-04.08.33:528][  0]LogInit:  - we're logged in locally
[2020.11.13-04.08.33:528][  0]LogInit:  - we're running with rendering
[2020.11.13-04.08.33:528][  0]LogInit:  - CPU: GenuineIntel 'Intel(R) Core(TM) i7-7700K CPU @ 4.20GHz' (signature: 0x906E9)
[2020.11.13-04.08.33:528][  0]LogInit:  - Number of physical cores available for the process: 4
[2020.11.13-04.08.33:528][  0]LogInit:  - Number of logical cores available for the process: 8
[2020.11.13-04.08.33:528][  0]LogInit:  - Cache line size: 64
[2020.11.13-04.08.33:528][  0]LogInit:  - Memory allocator used: binned2
[2020.11.13-04.08.33:528][  0]LogInit:  - This binary is optimized with LTO: no, PGO: no, instrumented for PGO data collection: no
[2020.11.13-04.08.33:528][  0]LogInit:  - This is an internal build.
[2020.11.13-04.08.33:528][  0]LogCore: Benchmarking clocks:
[2020.11.13-04.08.33:528][  0]LogCore:  - CLOCK_MONOTONIC (id=1) can sustain 71913210 (71913K, 72M) calls per second without zero deltas.
[2020.11.13-04.08.33:528][  0]LogCore:  - CLOCK_MONOTONIC_RAW (id=4) can sustain 71612264 (71612K, 72M) calls per second without zero deltas.
[2020.11.13-04.08.33:528][  0]LogCore:  - CLOCK_MONOTONIC_COARSE (id=6) can sustain 233249815 (233250K, 233M) calls per second with 99.999867% zero deltas.
[2020.11.13-04.08.33:528][  0]LogCore: Selected clock_id 1 (CLOCK_MONOTONIC) since it is the fastest support clock without zero deltas.
[2020.11.13-04.08.33:528][  0]LogInit: Unix-specific commandline switches:
[2020.11.13-04.08.33:528][  0]LogInit:  -ansimalloc - use malloc()/free() from libc (useful for tools like valgrind and electric fence)
[2020.11.13-04.08.33:528][  0]LogInit:  -jemalloc - use jemalloc for all memory allocation
[2020.11.13-04.08.33:528][  0]LogInit:  -binnedmalloc - use binned malloc  for all memory allocation
[2020.11.13-04.08.33:528][  0]LogInit:  -filemapcachesize=NUMBER - set the size for case-sensitive file mapping cache
[2020.11.13-04.08.33:528][  0]LogInit:  -useksm - uses kernel same-page mapping (KSM) for mapped memory (OFF)
[2020.11.13-04.08.33:528][  0]LogInit:  -ksmmergeall - marks all mmap'd memory pages suitable for KSM (OFF)
[2020.11.13-04.08.33:528][  0]LogInit:  -preloadmodulesymbols - Loads the main module symbols file into memory (OFF)
[2020.11.13-04.08.33:528][  0]LogInit:  -sigdfl=SIGNAL - Allows a specific signal to be set to its default handler rather then ignoring the signal
[2020.11.13-04.08.33:528][  0]LogInit:  -httpproxy=ADDRESS:PORT - redirects HTTP requests to a proxy (only supported if compiled with libcurl)
[2020.11.13-04.08.33:528][  0]LogInit:  -reuseconn - allow libcurl to reuse HTTP connections (only matters if compiled with libcurl)
[2020.11.13-04.08.33:528][  0]LogInit:  -virtmemkb=NUMBER - sets process virtual memory (address space) limit (overrides VirtualMemoryLimitInKB value from .ini)
[2020.11.13-04.08.33:529][  0]LogInit:  - Physical RAM available (not considering process quota): 16 GB (15973 MB, 16357160 KB, 16749731840 bytes)
[2020.11.13-04.08.33:529][  0]LogInit:  - VirtualMemoryAllocator pools will grow at scale 1.4
[2020.11.13-04.08.33:529][  0]LogInit:  - MemoryRangeDecommit() will be a no-op (re-run with -vmapoolevict to change)
[2020.11.13-04.08.33:845][  0]LogInit: Physics initialised using underlying interface: PhysX
[2020.11.13-04.08.33:876][  0]LogInit: Using OS detected language (en-US).
[2020.11.13-04.08.33:876][  0]LogInit: Using OS detected locale (en-US).
[2020.11.13-04.08.33:877][  0]LogTextLocalizationManager: No specific localization for 'en-US' exists, so the 'en' localization will be used.
[2020.11.13-04.08.34:252][  0]LogSlate: New Slate User Created.  User Index 0, Is Virtual User: 0
[2020.11.13-04.08.34:252][  0]LogSlate: Slate User Registered.  User Index 0, Is Virtual User: 0
[2020.11.13-04.08.34:915][  0]LogInit: Using SDL_WINDOW_VULKAN
[2020.11.13-04.08.34:918][  0]LogVulkanRHI: Display: - Found instance layer VK_LAYER_NV_optimus
[2020.11.13-04.08.34:918][  0]LogVulkanRHI: Display: - Found instance layer VK_LAYER_VALVE_steam_fossilize_32
[2020.11.13-04.08.34:918][  0]LogVulkanRHI: Display: - Found instance layer VK_LAYER_VALVE_steam_fossilize_64
[2020.11.13-04.08.34:919][  0]LogVulkanRHI: Display: - Found instance layer VK_LAYER_VALVE_steam_overlay_32
[2020.11.13-04.08.34:919][  0]LogVulkanRHI: Display: - Found instance layer VK_LAYER_VALVE_steam_overlay_64
[2020.11.13-04.08.34:919][  0]LogVulkanRHI: Display: - Found instance extension VK_EXT_acquire_xlib_display
[2020.11.13-04.08.34:919][  0]LogVulkanRHI: Display: - Found instance extension VK_EXT_debug_report
[2020.11.13-04.08.34:919][  0]LogVulkanRHI: Display: - Found instance extension VK_EXT_debug_utils
[2020.11.13-04.08.34:919][  0]LogVulkanRHI: Display: - Found instance extension VK_EXT_direct_mode_display
[2020.11.13-04.08.34:919][  0]LogVulkanRHI: Display: - Found instance extension VK_EXT_display_surface_counter
[2020.11.13-04.08.34:919][  0]LogVulkanRHI: Display: - Found instance extension VK_KHR_device_group_creation
[2020.11.13-04.08.34:919][  0]LogVulkanRHI: Display: - Found instance extension VK_KHR_display
[2020.11.13-04.08.34:919][  0]LogVulkanRHI: Display: - Found instance extension VK_KHR_external_fence_capabilities
[2020.11.13-04.08.34:919][  0]LogVulkanRHI: Display: - Found instance extension VK_KHR_external_memory_capabilities
[2020.11.13-04.08.34:919][  0]LogVulkanRHI: Display: - Found instance extension VK_KHR_external_semaphore_capabilities
[2020.11.13-04.08.34:919][  0]LogVulkanRHI: Display: - Found instance extension VK_KHR_get_display_properties2
[2020.11.13-04.08.34:919][  0]LogVulkanRHI: Display: - Found instance extension VK_KHR_get_physical_device_properties2
[2020.11.13-04.08.34:919][  0]LogVulkanRHI: Display: - Found instance extension VK_KHR_get_surface_capabilities2
[2020.11.13-04.08.34:919][  0]LogVulkanRHI: Display: - Found instance extension VK_KHR_surface
[2020.11.13-04.08.34:919][  0]LogVulkanRHI: Display: - Found instance extension VK_KHR_surface_protected_capabilities
[2020.11.13-04.08.34:919][  0]LogVulkanRHI: Display: - Found instance extension VK_KHR_xcb_surface
[2020.11.13-04.08.34:919][  0]LogVulkanRHI: Display: - Found instance extension VK_KHR_xlib_surface
[2020.11.13-04.08.34:919][  0]LogHMD: Failed to initialize OpenVR with code 110
[2020.11.13-04.08.34:919][  0]LogVulkanRHI: Display: Not using instance layers
[2020.11.13-04.08.34:919][  0]LogVulkanRHI: Display: Using instance extensions
[2020.11.13-04.08.34:919][  0]LogVulkanRHI: Display: * VK_KHR_surface
[2020.11.13-04.08.34:919][  0]LogVulkanRHI: Display: * VK_KHR_xlib_surface
[2020.11.13-04.08.34:919][  0]LogVulkanRHI: Display: * VK_KHR_external_memory_capabilities
[2020.11.13-04.08.34:919][  0]LogVulkanRHI: Display: * VK_KHR_get_physical_device_properties2
[2020.11.13-04.08.34:920][  0]LogVulkanRHI: Display: Found 1 device(s)
[2020.11.13-04.08.34:920][  0]LogVulkanRHI: Display: Device 0: GeForce GTX 1080
[2020.11.13-04.08.34:920][  0]LogVulkanRHI: Display: - API 1.2.142(0x40208e) Driver 0x71c98000 VendorId 0x10de
[2020.11.13-04.08.34:920][  0]LogVulkanRHI: Display: - DeviceID 0x1b80 Type Discrete GPU
[2020.11.13-04.08.34:920][  0]LogVulkanRHI: Display: - Max Descriptor Sets Bound 32 Timestamps 1
[2020.11.13-04.08.34:920][  0]LogVulkanRHI: Display: -    Found device extension VK_EXT_blend_operation_advanced
[2020.11.13-04.08.34:920][  0]LogVulkanRHI: Display: -    Found device extension VK_EXT_buffer_device_address
[2020.11.13-04.08.34:920][  0]LogVulkanRHI: Display: -    Found device extension VK_EXT_calibrated_timestamps
[2020.11.13-04.08.34:920][  0]LogVulkanRHI: Display: -    Found device extension VK_EXT_conditional_rendering
[2020.11.13-04.08.34:920][  0]LogVulkanRHI: Display: -    Found device extension VK_EXT_conservative_rasterization
[2020.11.13-04.08.34:920][  0]LogVulkanRHI: Display: -    Found device extension VK_EXT_custom_border_color
[2020.11.13-04.08.34:920][  0]LogVulkanRHI: Display: -    Found device extension VK_EXT_depth_clip_enable
[2020.11.13-04.08.34:920][  0]LogVulkanRHI: Display: -    Found device extension VK_EXT_depth_range_unrestricted
[2020.11.13-04.08.34:920][  0]LogVulkanRHI: Display: -    Found device extension VK_EXT_descriptor_indexing
[2020.11.13-04.08.34:920][  0]LogVulkanRHI: Display: -    Found device extension VK_EXT_discard_rectangles
[2020.11.13-04.08.34:920][  0]LogVulkanRHI: Display: -    Found device extension VK_EXT_display_control
[2020.11.13-04.08.34:920][  0]LogVulkanRHI: Display: -    Found device extension VK_EXT_external_memory_host
[2020.11.13-04.08.34:920][  0]LogVulkanRHI: Display: -    Found device extension VK_EXT_fragment_shader_interlock
[2020.11.13-04.08.34:920][  0]LogVulkanRHI: Display: -    Found device extension VK_EXT_global_priority
[2020.11.13-04.08.34:920][  0]LogVulkanRHI: Display: -    Found device extension VK_EXT_host_query_reset
[2020.11.13-04.08.34:920][  0]LogVulkanRHI: Display: -    Found device extension VK_EXT_index_type_uint8
[2020.11.13-04.08.34:920][  0]LogVulkanRHI: Display: -    Found device extension VK_EXT_inline_uniform_block
[2020.11.13-04.08.34:920][  0]LogVulkanRHI: Display: -    Found device extension VK_EXT_line_rasterization
[2020.11.13-04.08.34:920][  0]LogVulkanRHI: Display: -    Found device extension VK_EXT_memory_budget
[2020.11.13-04.08.34:920][  0]LogVulkanRHI: Display: -    Found device extension VK_EXT_pci_bus_info
[2020.11.13-04.08.34:920][  0]LogVulkanRHI: Display: -    Found device extension VK_EXT_pipeline_creation_cache_control
[2020.11.13-04.08.34:920][  0]LogVulkanRHI: Display: -    Found device extension VK_EXT_pipeline_creation_feedback
[2020.11.13-04.08.34:920][  0]LogVulkanRHI: Display: -    Found device extension VK_EXT_post_depth_coverage
[2020.11.13-04.08.34:920][  0]LogVulkanRHI: Display: -    Found device extension VK_EXT_private_data
[2020.11.13-04.08.34:920][  0]LogVulkanRHI: Display: -    Found device extension VK_EXT_robustness2
[2020.11.13-04.08.34:920][  0]LogVulkanRHI: Display: -    Found device extension VK_EXT_sample_locations
[2020.11.13-04.08.34:920][  0]LogVulkanRHI: Display: -    Found device extension VK_EXT_sampler_filter_minmax
[2020.11.13-04.08.34:920][  0]LogVulkanRHI: Display: -    Found device extension VK_EXT_scalar_block_layout
[2020.11.13-04.08.34:920][  0]LogVulkanRHI: Display: -    Found device extension VK_EXT_separate_stencil_usage
[2020.11.13-04.08.34:920][  0]LogVulkanRHI: Display: -    Found device extension VK_EXT_shader_demote_to_helper_invocation
[2020.11.13-04.08.34:920][  0]LogVulkanRHI: Display: -    Found device extension VK_EXT_shader_subgroup_ballot
[2020.11.13-04.08.34:920][  0]LogVulkanRHI: Display: -    Found device extension VK_EXT_shader_subgroup_vote
[2020.11.13-04.08.34:920][  0]LogVulkanRHI: Display: -    Found device extension VK_EXT_shader_viewport_index_layer
[2020.11.13-04.08.34:920][  0]LogVulkanRHI: Display: -    Found device extension VK_EXT_subgroup_size_control
[2020.11.13-04.08.34:920][  0]LogVulkanRHI: Display: -    Found device extension VK_EXT_texel_buffer_alignment
[2020.11.13-04.08.34:920][  0]LogVulkanRHI: Display: -    Found device extension VK_EXT_tooling_info
[2020.11.13-04.08.34:920][  0]LogVulkanRHI: Display: -    Found device extension VK_EXT_transform_feedback
[2020.11.13-04.08.34:920][  0]LogVulkanRHI: Display: -    Found device extension VK_EXT_vertex_attribute_divisor
[2020.11.13-04.08.34:920][  0]LogVulkanRHI: Display: -    Found device extension VK_EXT_ycbcr_image_arrays
[2020.11.13-04.08.34:921][  0]LogVulkanRHI: Display: -    Found device extension VK_KHR_16bit_storage
[2020.11.13-04.08.34:921][  0]LogVulkanRHI: Display: -    Found device extension VK_KHR_8bit_storage
[2020.11.13-04.08.34:921][  0]LogVulkanRHI: Display: -    Found device extension VK_KHR_bind_memory2
[2020.11.13-04.08.34:921][  0]LogVulkanRHI: Display: -    Found device extension VK_KHR_buffer_device_address
[2020.11.13-04.08.34:921][  0]LogVulkanRHI: Display: -    Found device extension VK_KHR_create_renderpass2
[2020.11.13-04.08.34:921][  0]LogVulkanRHI: Display: -    Found device extension VK_KHR_dedicated_allocation
[2020.11.13-04.08.34:921][  0]LogVulkanRHI: Display: -    Found device extension VK_KHR_depth_stencil_resolve
[2020.11.13-04.08.34:921][  0]LogVulkanRHI: Display: -    Found device extension VK_KHR_descriptor_update_template
[2020.11.13-04.08.34:921][  0]LogVulkanRHI: Display: -    Found device extension VK_KHR_device_group
[2020.11.13-04.08.34:921][  0]LogVulkanRHI: Display: -    Found device extension VK_KHR_draw_indirect_count
[2020.11.13-04.08.34:921][  0]LogVulkanRHI: Display: -    Found device extension VK_KHR_driver_properties
[2020.11.13-04.08.34:921][  0]LogVulkanRHI: Display: -    Found device extension VK_KHR_external_fence
[2020.11.13-04.08.34:921][  0]LogVulkanRHI: Display: -    Found device extension VK_KHR_external_fence_fd
[2020.11.13-04.08.34:921][  0]LogVulkanRHI: Display: -    Found device extension VK_KHR_external_memory
[2020.11.13-04.08.34:921][  0]LogVulkanRHI: Display: -    Found device extension VK_KHR_external_memory_fd
[2020.11.13-04.08.34:921][  0]LogVulkanRHI: Display: -    Found device extension VK_KHR_external_semaphore
[2020.11.13-04.08.34:921][  0]LogVulkanRHI: Display: -    Found device extension VK_KHR_external_semaphore_fd
[2020.11.13-04.08.34:921][  0]LogVulkanRHI: Display: -    Found device extension VK_KHR_get_memory_requirements2
[2020.11.13-04.08.34:921][  0]LogVulkanRHI: Display: -    Found device extension VK_KHR_image_format_list
[2020.11.13-04.08.34:921][  0]LogVulkanRHI: Display: -    Found device extension VK_KHR_imageless_framebuffer
[2020.11.13-04.08.34:921][  0]LogVulkanRHI: Display: -    Found device extension VK_KHR_maintenance1
[2020.11.13-04.08.34:921][  0]LogVulkanRHI: Display: -    Found device extension VK_KHR_maintenance2
[2020.11.13-04.08.34:921][  0]LogVulkanRHI: Display: -    Found device extension VK_KHR_maintenance3
[2020.11.13-04.08.34:921][  0]LogVulkanRHI: Display: -    Found device extension VK_KHR_multiview
[2020.11.13-04.08.34:921][  0]LogVulkanRHI: Display: -    Found device extension VK_KHR_pipeline_executable_properties
[2020.11.13-04.08.34:921][  0]LogVulkanRHI: Display: -    Found device extension VK_KHR_push_descriptor
[2020.11.13-04.08.34:921][  0]LogVulkanRHI: Display: -    Found device extension VK_KHR_relaxed_block_layout
[2020.11.13-04.08.34:921][  0]LogVulkanRHI: Display: -    Found device extension VK_KHR_sampler_mirror_clamp_to_edge
[2020.11.13-04.08.34:921][  0]LogVulkanRHI: Display: -    Found device extension VK_KHR_sampler_ycbcr_conversion
[2020.11.13-04.08.34:921][  0]LogVulkanRHI: Display: -    Found device extension VK_KHR_separate_depth_stencil_layouts
[2020.11.13-04.08.34:921][  0]LogVulkanRHI: Display: -    Found device extension VK_KHR_shader_atomic_int64
[2020.11.13-04.08.34:921][  0]LogVulkanRHI: Display: -    Found device extension VK_KHR_shader_clock
[2020.11.13-04.08.34:921][  0]LogVulkanRHI: Display: -    Found device extension VK_KHR_shader_draw_parameters
[2020.11.13-04.08.34:921][  0]LogVulkanRHI: Display: -    Found device extension VK_KHR_shader_float16_int8
[2020.11.13-04.08.34:921][  0]LogVulkanRHI: Display: -    Found device extension VK_KHR_shader_float_controls
[2020.11.13-04.08.34:921][  0]LogVulkanRHI: Display: -    Found device extension VK_KHR_shader_non_semantic_info
[2020.11.13-04.08.34:921][  0]LogVulkanRHI: Display: -    Found device extension VK_KHR_shader_subgroup_extended_types
[2020.11.13-04.08.34:921][  0]LogVulkanRHI: Display: -    Found device extension VK_KHR_spirv_1_4
[2020.11.13-04.08.34:921][  0]LogVulkanRHI: Display: -    Found device extension VK_KHR_storage_buffer_storage_class
[2020.11.13-04.08.34:921][  0]LogVulkanRHI: Display: -    Found device extension VK_KHR_swapchain
[2020.11.13-04.08.34:921][  0]LogVulkanRHI: Display: -    Found device extension VK_KHR_swapchain_mutable_format
[2020.11.13-04.08.34:921][  0]LogVulkanRHI: Display: -    Found device extension VK_KHR_timeline_semaphore
[2020.11.13-04.08.34:921][  0]LogVulkanRHI: Display: -    Found device extension VK_KHR_uniform_buffer_standard_layout
[2020.11.13-04.08.34:921][  0]LogVulkanRHI: Display: -    Found device extension VK_KHR_variable_pointers
[2020.11.13-04.08.34:921][  0]LogVulkanRHI: Display: -    Found device extension VK_KHR_vulkan_memory_model
[2020.11.13-04.08.34:921][  0]LogVulkanRHI: Display: -    Found device extension VK_NV_clip_space_w_scaling
[2020.11.13-04.08.34:921][  0]LogVulkanRHI: Display: -    Found device extension VK_NV_coverage_reduction_mode
[2020.11.13-04.08.34:921][  0]LogVulkanRHI: Display: -    Found device extension VK_NV_dedicated_allocation
[2020.11.13-04.08.34:921][  0]LogVulkanRHI: Display: -    Found device extension VK_NV_dedicated_allocation_image_aliasing
[2020.11.13-04.08.34:921][  0]LogVulkanRHI: Display: -    Found device extension VK_NV_device_diagnostic_checkpoints
[2020.11.13-04.08.34:921][  0]LogVulkanRHI: Display: -    Found device extension VK_NV_device_diagnostics_config
[2020.11.13-04.08.34:921][  0]LogVulkanRHI: Display: -    Found device extension VK_NV_device_generated_commands
[2020.11.13-04.08.34:921][  0]LogVulkanRHI: Display: -    Found device extension VK_NV_fill_rectangle
[2020.11.13-04.08.34:921][  0]LogVulkanRHI: Display: -    Found device extension VK_NV_fragment_coverage_to_color
[2020.11.13-04.08.34:921][  0]LogVulkanRHI: Display: -    Found device extension VK_NV_framebuffer_mixed_samples
[2020.11.13-04.08.34:921][  0]LogVulkanRHI: Display: -    Found device extension VK_NV_geometry_shader_passthrough
[2020.11.13-04.08.34:921][  0]LogVulkanRHI: Display: -    Found device extension VK_NV_ray_tracing
[2020.11.13-04.08.34:921][  0]LogVulkanRHI: Display: -    Found device extension VK_NV_sample_mask_override_coverage
[2020.11.13-04.08.34:921][  0]LogVulkanRHI: Display: -    Found device extension VK_NV_shader_sm_builtins
[2020.11.13-04.08.34:921][  0]LogVulkanRHI: Display: -    Found device extension VK_NV_shader_subgroup_partitioned
[2020.11.13-04.08.34:921][  0]LogVulkanRHI: Display: -    Found device extension VK_NV_viewport_array2
[2020.11.13-04.08.34:921][  0]LogVulkanRHI: Display: -    Found device extension VK_NV_viewport_swizzle
[2020.11.13-04.08.34:921][  0]LogVulkanRHI: Display: -    Found device extension VK_NVX_multiview_per_view_attributes
[2020.11.13-04.08.34:921][  0]LogVulkanRHI: Display: Using Device 0: Geometry 1 Tessellation 1
[2020.11.13-04.08.34:921][  0]LogVulkanRHI: Display: Found 3 Queue Families
[2020.11.13-04.08.34:921][  0]LogVulkanRHI: Display: Initializing Queue Family 0: 16 queues Gfx Compute Xfer Sparse
[2020.11.13-04.08.34:921][  0]LogVulkanRHI: Display: Initializing Queue Family 1: 2 queues Xfer Sparse
[2020.11.13-04.08.34:921][  0]LogVulkanRHI: Display: Skipping unnecessary Queue Family 2: 8 queues Compute Xfer Sparse
[2020.11.13-04.08.35:052][  0]LogVulkanRHI: Display: Using device layers
[2020.11.13-04.08.35:052][  0]LogVulkanRHI: Display: Using device extensions
[2020.11.13-04.08.35:052][  0]LogVulkanRHI: Display: * VK_KHR_swapchain
[2020.11.13-04.08.35:052][  0]LogVulkanRHI: Display: * VK_KHR_maintenance1
[2020.11.13-04.08.35:052][  0]LogVulkanRHI: Display: * VK_KHR_maintenance2
[2020.11.13-04.08.35:052][  0]LogVulkanRHI: Display: 3 Device Memory Heaps; Max memory allocations -1
[2020.11.13-04.08.35:052][  0]LogVulkanRHI: Display: 0: Flags 0x1 Size 8589934592 (8192.00 MB) GPU
[2020.11.13-04.08.35:052][  0]LogVulkanRHI: Display: 1: Flags 0x0 Size 12562298880 (11980.34 MB) 
[2020.11.13-04.08.35:052][  0]LogVulkanRHI: Display: 2: Flags 0x1 Size 257949696 (246.00 MB) GPU
[2020.11.13-04.08.35:052][  0]LogVulkanRHI: Display: 11 Device Memory Types (Not unified)
[2020.11.13-04.08.35:052][  0]LogVulkanRHI: Display: 0: Flags 0x0 Heap 1 
[2020.11.13-04.08.35:052][  0]LogVulkanRHI: Display: 1: Flags 0x0 Heap 1 
[2020.11.13-04.08.35:052][  0]LogVulkanRHI: Display: 2: Flags 0x0 Heap 1 
[2020.11.13-04.08.35:052][  0]LogVulkanRHI: Display: 3: Flags 0x0 Heap 1 
[2020.11.13-04.08.35:052][  0]LogVulkanRHI: Display: 4: Flags 0x0 Heap 1 
[2020.11.13-04.08.35:052][  0]LogVulkanRHI: Display: 5: Flags 0x0 Heap 1 
[2020.11.13-04.08.35:052][  0]LogVulkanRHI: Display: 6: Flags 0x0 Heap 1 
[2020.11.13-04.08.35:052][  0]LogVulkanRHI: Display: 7: Flags 0x1 Heap 0  Local
[2020.11.13-04.08.35:052][  0]LogVulkanRHI: Display: 8: Flags 0x6 Heap 1  HostVisible HostCoherent
[2020.11.13-04.08.35:052][  0]LogVulkanRHI: Display: 9: Flags 0xe Heap 1  HostVisible HostCoherent HostCached
[2020.11.13-04.08.35:052][  0]LogVulkanRHI: Display: 10: Flags 0x7 Heap 2  Local HostVisible HostCoherent
[2020.11.13-04.08.35:070][  0]LogVulkanRHI: Display: FVulkanPipelineStateCacheManager: Binary pipeline cache '../../../../../Documents/UE4GitTest/Project/Saved/VulkanPSO.cache.10de.1b80' not found.
[2020.11.13-04.08.35:075][  0]LogVulkanRHI: Display: Nvidia User Driver Version = 455.38
[2020.11.13-04.08.35:079][  0]LogRHI: Texture pool is 5611 MB (70% of 8016 MB)
[2020.11.13-04.08.35:668][  0]LogTargetPlatformManager: Display: Loaded TargetPlatform 'Linux'
[2020.11.13-04.08.35:936][  0]LogTargetPlatformManager: Display: Loaded TargetPlatform 'LinuxNoEditor'
[2020.11.13-04.08.36:195][  0]LogTargetPlatformManager: Display: Loaded TargetPlatform 'LinuxClient'
[2020.11.13-04.08.36:452][  0]LogTargetPlatformManager: Display: Loaded TargetPlatform 'LinuxServer'
[2020.11.13-04.08.36:717][  0]LogTargetPlatformManager: Display: Loaded TargetPlatform 'Android'
[2020.11.13-04.08.36:717][  0]LogTargetPlatformManager: Display: Loaded TargetPlatform 'Android_ASTC'
[2020.11.13-04.08.36:717][  0]LogTargetPlatformManager: Display: Loaded TargetPlatform 'Android_DXT'
[2020.11.13-04.08.36:717][  0]LogTargetPlatformManager: Display: Loaded TargetPlatform 'Android_ETC2'
[2020.11.13-04.08.36:717][  0]LogTargetPlatformManager: Display: Loaded TargetPlatform 'AndroidClient'
[2020.11.13-04.08.36:717][  0]LogTargetPlatformManager: Display: Loaded TargetPlatform 'Android_ASTCClient'
[2020.11.13-04.08.36:717][  0]LogTargetPlatformManager: Display: Loaded TargetPlatform 'Android_DXTClient'
[2020.11.13-04.08.36:717][  0]LogTargetPlatformManager: Display: Loaded TargetPlatform 'Android_ETC2Client'
[2020.11.13-04.08.36:717][  0]LogTargetPlatformManager: Display: Loaded TargetPlatform 'Android_Multi'
[2020.11.13-04.08.36:717][  0]LogTargetPlatformManager: Display: Loaded TargetPlatform 'Android_MultiClient'
[2020.11.13-04.08.36:978][  0]LogTargetPlatformManager: Display: Loaded TargetPlatform 'LinuxAArch64NoEditor'
[2020.11.13-04.08.37:235][  0]LogTargetPlatformManager: Display: Loaded TargetPlatform 'LinuxAArch64Client'
[2020.11.13-04.08.37:492][  0]LogTargetPlatformManager: Display: Loaded TargetPlatform 'LinuxAArch64Server'
[2020.11.13-04.08.37:494][  0]LogTargetPlatformManager: Display: Building Assets For Linux
[2020.11.13-04.08.38:093][  0]LogShaderCompilers: Guid format shader working directory is 14 characters bigger than the processId version (../../../../../Documents/UE4GitTest/Project/Intermediate/Shaders/WorkingDirectory/16931/).
[2020.11.13-04.08.38:093][  0]LogShaderCompilers: Cleaned the shader compiler working directory '../../../../../Documents/UE4GitTest/Project/Intermediate/Shaders/tmp/B3D14FBAAEF74FF78DC87F1CA1CF54EF/'.
[2020.11.13-04.08.38:093][  0]LogShaderCompilers: Display: Using Local Shader Compiler.
[2020.11.13-04.08.39:047][  0]LogDerivedDataCache: Display: Max Cache Size: 512 MB
[2020.11.13-04.08.39:047][  0]LogDerivedDataCache: Display: Starting with empty Boot cache
[2020.11.13-04.08.39:047][  0]LogDerivedDataCache: FDerivedDataBackendGraph:  Pak pak cache file ../../../../../Documents/UE4GitTest/Project/DerivedDataCache/DDC.ddp not found, will not use a pak cache.
[2020.11.13-04.08.39:047][  0]LogDerivedDataCache: Unable to find inner node Pak for hierarchical cache Hierarchy.
[2020.11.13-04.08.39:047][  0]LogDerivedDataCache: FDerivedDataBackendGraph:  EnginePak pak cache file ../../../Engine/DerivedDataCache/DDC.ddp not found, will not use a pak cache.
[2020.11.13-04.08.39:047][  0]LogDerivedDataCache: Unable to find inner node EnginePak for hierarchical cache Hierarchy.
[2020.11.13-04.08.39:048][  0]LogDerivedDataCache: Using Local data cache path ../../../Engine/DerivedDataCache: Writable
[2020.11.13-04.08.39:048][  0]LogDerivedDataCache: Shared data cache path not found in *engine.ini, will not use an Shared cache.
[2020.11.13-04.08.39:048][  0]LogDerivedDataCache: Unable to find inner node Shared for hierarchical cache Hierarchy.
[2020.11.13-04.08.39:087][  0]LogSlate: Using FreeType 2.10.0
[2020.11.13-04.08.39:087][  0]LogSlate: SlateFontServices - WITH_FREETYPE: 1, WITH_HARFBUZZ: 1
[2020.11.13-04.08.39:115][  0]LogAssetRegistry: FAssetRegistry took 0.0011 seconds to start up
[2020.11.13-04.08.39:268][  0]LogLinux: Selected Device Profile: [Linux]
[2020.11.13-04.08.40:708][  0]LogMeshReduction: Using QuadricMeshReduction for automatic static mesh reduction
[2020.11.13-04.08.40:708][  0]LogMeshReduction: Using SimplygonMeshReduction for automatic skeletal mesh reduction
[2020.11.13-04.08.40:708][  0]LogMeshReduction: No automatic mesh merging module available
[2020.11.13-04.08.40:708][  0]LogMeshReduction: No distributed automatic mesh merging module available
[2020.11.13-04.08.40:708][  0]LogMeshMerging: No automatic mesh merging module available
[2020.11.13-04.08.40:708][  0]LogMeshMerging: No distributed automatic mesh merging module available
[2020.11.13-04.08.41:034][  0]LogNetVersion: Project 1.0.0, NetCL: 0, EngineNetVer: 14, GameNetVer: 0 (Checksum: 1446739756)
[2020.11.13-04.08.42:238][  0]LogAISub: UAISubsystem AISubsystem (0x7f95969cc2c0), frame # 0
[2020.11.13-04.08.42:238][  0]LogAISub: UAISubsystem AIPerceptionSystem (0x7f9596a36f00), frame # 0
[2020.11.13-04.08.42:240][  0]LogAISub: UAISubsystem EnvQueryManager (0x7f9596805a00), frame # 0
[2020.11.13-04.08.42:255][  0]LogPackageLocalizationCache: Processed 19 localized package path(s) for 1 prioritized culture(s) in 0.010472 seconds
[2020.11.13-04.08.42:258][  0]LogUObjectArray: 15800 objects as part of root set at end of initial load.
[2020.11.13-04.08.42:258][  0]LogUObjectAllocator: 3941640 out of 0 bytes used by permanent object pool.
[2020.11.13-04.08.42:258][  0]LogUObjectArray: CloseDisregardForGC: 0/0 objects in disregard for GC pool
[2020.11.13-04.08.42:550][  0]LogHAL: Linux SourceCodeAccessSettings: NullSourceCodeAccessor
[2020.11.13-04.08.49:760][  0]LogTcpMessaging: Initializing TcpMessaging bridge
[2020.11.13-04.08.49:774][  0]LogUdpMessaging: Initializing bridge on interface 0.0.0.0:0 to multicast group 230.0.0.1:6666.
[2020.11.13-04.08.56:740][  0]SourceControl: Source control is disabled
[2020.11.13-04.08.56:740][  0]SourceControl: Source control is disabled
[2020.11.13-04.08.57:012][  0]SourceControl: Source control is disabled
[2020.11.13-04.08.57:247][  0]SourceControl: Source control is disabled
[2020.11.13-04.08.58:217][  0]SourceControl: Source control is disabled
[2020.11.13-04.09.01:270][  0]LogAudioCaptureCore: Display: No Audio Capture implementations found. Audio input will be silent.
[2020.11.13-04.09.01:270][  0]LogAudioCaptureCore: Display: No Audio Capture implementations found. Audio input will be silent.
[2020.11.13-04.09.03:245][  0]LogAndroidPermission: UAndroidPermissionCallbackProxy::GetInstance
[2020.11.13-04.09.09:812][  0]LogEngine: Initializing Engine...
[2020.11.13-04.09.09:813][  0]LogHMD: Failed to initialize OpenVR with code 110
[2020.11.13-04.09.09:813][  0]LogStats: UGameplayTagsManager::InitializeManager -  0.000 s
[2020.11.13-04.09.09:997][  0]LogInit: Initializing FReadOnlyCVARCache
[2020.11.13-04.09.10:976][  0]LogAIModule: Creating AISystem for world Untitled
[2020.11.13-04.09.10:976][  0]LogAISub: UAISubsystem EnvQueryManager (0x7f9597c4ca00), frame # 0
[2020.11.13-04.09.10:976][  0]LogAISub: UAISubsystem AIPerceptionSystem (0x7f95999c4340), frame # 0
[2020.11.13-04.09.10:980][  0]LogAudioMixer: Display: Audio Mixer Platform Settings:
[2020.11.13-04.09.10:980][  0]LogAudioMixer: Display: 	Sample Rate:						  48000
[2020.11.13-04.09.10:980][  0]LogAudioMixer: Display: 	Callback Buffer Frame Size Requested: 1024
[2020.11.13-04.09.10:980][  0]LogAudioMixer: Display: 	Callback Buffer Frame Size To Use:	  1024
[2020.11.13-04.09.10:980][  0]LogAudioMixer: Display: 	Number of buffers to queue:			  2
[2020.11.13-04.09.10:980][  0]LogAudioMixer: Display: 	Max Channels (voices):				  32
[2020.11.13-04.09.10:980][  0]LogAudioMixer: Display: 	Number of Async Source Workers:		  0
[2020.11.13-04.09.10:980][  0]LogAudio: Display: AudioDevice MaxSources: 32
[2020.11.13-04.09.10:980][  0]LogAudio: Display: Using built-in audio occlusion.
[2020.11.13-04.09.10:980][  0]LogAudioMixer: Display: Initializing audio mixer.
[2020.11.13-04.09.10:987][  0]LogAudioMixerSDL: Display: Initialized SDL using pulseaudio platform API backend.
[2020.11.13-04.09.11:197][  0]LogAudioMixerSDL: Opening default audio device (device index -1)
[2020.11.13-04.09.11:198][  0]LogAudioMixer: Display: Using Audio Device Default Audio Device
[2020.11.13-04.09.11:199][  0]LogAudioMixer: Display: Initializing Sound Submixes...
[2020.11.13-04.09.11:204][  0]LogAudioMixer: Display: Creating Master Submix 'MasterSubmixDefault'
[2020.11.13-04.09.11:204][  0]LogAudioMixer: Display: Creating Master Submix 'MasterReverbSubmixDefault'
[2020.11.13-04.09.11:206][  0]LogAudioMixer: Display: Creating Master Submix 'MasterEQSubmixDefault'
[2020.11.13-04.09.11:206][  0]LogInit: FAudioDevice initialized.
[2020.11.13-04.09.11:207][  0]LogNetVersion: Set ProjectVersion to 1.0.0.0. Version Checksum will be recalculated on next use.
[2020.11.13-04.09.11:276][  0]LogDerivedDataCache: Saved boot cache 0.07s 126MB ../../../../../Documents/UE4GitTest/Project/DerivedDataCache/Boot.ddc.
[2020.11.13-04.09.12:471][  0]LogInit: Texture streaming: Enabled
[2020.11.13-04.09.12:477][  0]LogEngineSessionManager: EngineSessionManager initialized
[2020.11.13-04.09.12:477][  0]LogEditorSessionSummary: Verbose: Initializing EditorSessionSummaryWriter for editor session tracking
[2020.11.13-04.09.12:478][  0]LogEditorSessionSummary: EditorSessionSummaryWriter initialized
[2020.11.13-04.09.13:459][  0]LogInit: Transaction tracking system initialized
[2020.11.13-04.09.15:213][  0]BlueprintLog: New page: Editor Load
[2020.11.13-04.09.19:700][  0]LocalizationService: Localization service is disabled
[2020.11.13-04.09.23:267][  0]LogFileCache: Scanning file cache for directory '/home/caden/Documents/UE4GitTest/Project/Content/' took 0.00s
[2020.11.13-04.09.23:267][  0]LogCook: Display: Max memory allowance for cook 16384mb min free memory 0mb
[2020.11.13-04.09.23:267][  0]LogCook: Display: Mobile HDR setting 1
[2020.11.13-04.09.31:392][  0]SourceControl: Source control is disabled
[2020.11.13-04.09.31:392][  0]LogUnrealEdMisc: Loading editor; pre map load, took 65.607
[2020.11.13-04.09.31:392][  0]Cmd: MAP LOAD FILE="../../../../../Documents/UE4GitTest/Project/Content/FirstPersonBP/Maps/FirstPersonExampleMap.umap" TEMPLATE=0 SHOWPROGRESS=1 FEATURELEVEL=3
[2020.11.13-04.09.31:394][  0]LightingResults: New page: Lighting Build
[2020.11.13-04.09.31:554][  0]LogWorld: UWorld::CleanupWorld for Untitled, bSessionEnded=true, bCleanupResources=true
[2020.11.13-04.09.31:555][  0]LogSlate: InvalidateAllWidgets triggered.  All widgets were invalidated
[2020.11.13-04.09.31:555][  0]MapCheck: New page: Map Check
[2020.11.13-04.09.31:555][  0]LightingResults: New page: Lighting Build
[2020.11.13-04.09.31:560][  0]LogAISub: ~UAISubsystem EnvQueryManager (0x7f9597c4ca00), frame # 0
[2020.11.13-04.09.31:560][  0]LogAISub: ~UAISubsystem AIPerceptionSystem (0x7f95999c4340), frame # 0
[2020.11.13-04.09.31:561][  0]LogUObjectHash: Compacting FUObjectHashTables data took   0.76ms
[2020.11.13-04.09.31:695][  0]LogAIModule: Creating AISystem for world FirstPersonExampleMap
[2020.11.13-04.09.31:695][  0]LogAISub: UAISubsystem EnvQueryManager (0x7f959ade4400), frame # 0
[2020.11.13-04.09.31:695][  0]LogAISub: UAISubsystem AIPerceptionSystem (0x7f959aad8800), frame # 0
[2020.11.13-04.09.31:699][  0]LogEditorServer: Finished looking for orphan Actors (0.000 secs)
[2020.11.13-04.09.31:711][  0]LogUObjectHash: Compacting FUObjectHashTables data took   0.67ms
[2020.11.13-04.09.31:714][  0]Cmd: MAP CHECKDEP NOCLEARLOG
[2020.11.13-04.09.31:714][  0]MapCheck: Map check complete: 0 Error(s), 0 Warning(s), took 0.06ms to complete.
[2020.11.13-04.09.31:714][  0]LogFileHelpers: Loading map 'FirstPersonExampleMap' took 0.322
[2020.11.13-04.09.31:715][  0]LogUnrealEdMisc: Total Editor Startup Time, took 65.930
[2020.11.13-04.09.31:814][  0]LogSlate: Updating window title bar state: overlay mode, drag disabled, window buttons hidden, title bar hidden
[2020.11.13-04.09.31:820][  0]LogSlate: Updating window title bar state: overlay mode, drag disabled, window buttons hidden, title bar hidden
[2020.11.13-04.09.31:824][  0]LogSlate: Updating window title bar state: overlay mode, drag disabled, window buttons hidden, title bar hidden
[2020.11.13-04.09.31:828][  0]LogSlate: Updating window title bar state: overlay mode, drag disabled, window buttons hidden, title bar hidden
[2020.11.13-04.09.31:831][  0]LogCollectionManager: Loaded 0 collections in 0.001512 seconds
[2020.11.13-04.09.31:838][  0]LogFileCache: Scanning file cache for directory '/home/caden/Documents/UE4GitTest/Project/Saved/Collections/' took 0.00s
[2020.11.13-04.09.31:838][  0]LogFileCache: Scanning file cache for directory '/home/caden/Documents/UE4GitTest/Project/Content/Developers/caden/Collections/' took 0.00s
[2020.11.13-04.09.31:838][  0]LogFileCache: Scanning file cache for directory '/home/caden/Documents/UE4GitTest/Project/Content/Collections/' took 0.00s
[2020.11.13-04.09.31:838][  0]LogContentBrowser: Native class hierarchy populated in 0.0051 seconds. Added 3375 classes and 768 folders.
[2020.11.13-04.09.32:257][  0]LogContentBrowser: Native class hierarchy updated for 'WidgetCarousel' in 0.0002 seconds. Added 0 classes and 0 folders.
[2020.11.13-04.09.32:269][  0]LogContentBrowser: Native class hierarchy updated for 'AddContentDialog' in 0.0002 seconds. Added 0 classes and 0 folders.
[2020.11.13-04.09.32:439][  0]LogContentBrowser: Native class hierarchy updated for 'SceneOutliner' in 0.0002 seconds. Added 2 classes and 3 folders.
[2020.11.13-04.09.32:447][  0]LogVulkanRHI: Display: Requested PixelFormat 18 not supported by this swapchain! Falling back to supported swapchain format...
[2020.11.13-04.09.32:447][  0]LogVulkanRHI: Display: Queue Family 0: Supports Present
[2020.11.13-04.09.32:447][  0]LogVulkanRHI: Display: Queue Family 0: Supports Present
[2020.11.13-04.09.32:447][  0]LogVulkanRHI: Display: Found 3 Surface present modes:
[2020.11.13-04.09.32:447][  0]LogVulkanRHI: Display: - VK_PRESENT_MODE_FIFO_KHR (2)
[2020.11.13-04.09.32:447][  0]LogVulkanRHI: Display: - VK_PRESENT_MODE_FIFO_RELAXED_KHR (3)
[2020.11.13-04.09.32:447][  0]LogVulkanRHI: Display: - VK_PRESENT_MODE_IMMEDIATE_KHR (0)
[2020.11.13-04.09.32:447][  0]LogVulkanRHI: Display: Selected VkPresentModeKHR mode 2
[2020.11.13-04.09.32:447][  0]LogVulkanRHI: Creating new VK swapchain with present mode 2, format 44, color space 0, num images 3
[2020.11.13-04.09.32:887][  0]LogContentBrowser: Native class hierarchy updated for 'HierarchicalLODOutliner' in 0.0003 seconds. Added 0 classes and 0 folders.
[2020.11.13-04.09.32:887][  0]LogLoad: (Engine Initialization) Total time: 67.10 seconds
[2020.11.13-04.09.32:887][  0]LogLoad: (Engine Initialization) Total Blueprint compile time: 0.00 seconds
[2020.11.13-04.09.32:902][  0]LogSlate: Took 0.000043 seconds to synchronously load lazily loaded font '../../../Engine/Content/Slate/Fonts/Roboto-Regular.ttf' (155K)
[2020.11.13-04.09.32:903][  0]LogSlate: Took 0.000035 seconds to synchronously load lazily loaded font '../../../Engine/Content/Slate/Fonts/Roboto-Bold.ttf' (160K)
[2020.11.13-04.09.32:906][  0]LogSlate: Took 0.000042 seconds to synchronously load lazily loaded font '../../../Engine/Content/Editor/Slate/Fonts/FontAwesome.ttf' (139K)
[2020.11.13-04.09.32:958][  0]LogRenderer: Reallocating scene render targets to support 692x780 Format 10 NumSamples 1 (Frame:1).
[2020.11.13-04.09.33:150][  0]LogAssetRegistry: Asset discovery search completed in 54.0351 seconds
[2020.11.13-04.09.33:152][  0]LogCollectionManager: Fixed up redirectors for 0 collections in 0.000001 seconds (updated 0 objects)
[2020.11.13-04.09.33:153][  0]LogContentStreaming: Texture pool size now 1000 MB
[2020.11.13-04.09.34:817][ 89]LogRenderer: Reallocating scene render targets to support 1592x780 Format 10 NumSamples 1 (Frame:91).
[2020.11.13-04.09.34:932][ 89]LogEditorBookmarks: Warning: FBookmarkTypeToolsImpl::JumpToBookmark - Null Bookmark at index 3
[2020.11.13-04.12.30:335][896]LogEditorBookmarks: Warning: FBookmarkTypeToolsImpl::JumpToBookmark - Null Bookmark at index 3
[2020.11.13-04.13.18:463][100]LogEditorBookmarks: Warning: FBookmarkTypeToolsImpl::JumpToBookmark - Null Bookmark at index 3
[2020.11.13-04.14.16:365][375]LogEditorBookmarks: Warning: FBookmarkTypeToolsImpl::JumpToBookmark - Null Bookmark at index 3
[2020.11.13-04.15.33:667][671]LogEditorBookmarks: Warning: FBookmarkTypeToolsImpl::JumpToBookmark - Null Bookmark at index 3
[2020.11.13-04.15.57:050][961]LogEditorBookmarks: Warning: FBookmarkTypeToolsImpl::JumpToBookmark - Null Bookmark at index 3
[2020.11.13-04.16.11:400][ 46]LogEditorBookmarks: Warning: FBookmarkTypeToolsImpl::JumpToBookmark - Null Bookmark at index 3
[2020.11.13-04.17.51:936][396]LogEditorBookmarks: Warning: FBookmarkTypeToolsImpl::JumpToBookmark - Null Bookmark at index 3
[2020.11.13-04.17.53:574][485]LogEditorBookmarks: Warning: FBookmarkTypeToolsImpl::JumpToBookmark - Null Bookmark at index 3
